<?xml version="1.0" encoding="UTF-8"?>
<!-- Generated by org.testng.reporters.JUnitXMLReporter -->
<testsuite hostname="DESKTOP-M021GP2" ignored="0" name="Command line test" tests="3" failures="0" timestamp="17 Sep 2020 01:05:50 GMT" time="0.031" errors="0">
  <testcase name="testCaseA1" time="0.004" classname="test_cases.ClassATest"/>
  <testcase name="testCaseA2" time="0.0" classname="test_cases.ClassATest"/>
  <testcase name="testCaseA3" time="0.0" classname="test_cases.ClassATest"/>
</testsuite> <!-- Command line test -->
