<?xml version="1.0" encoding="UTF-8"?>
<!-- Generated by org.testng.reporters.JUnitXMLReporter -->
<testsuite hostname="DESKTOP-M021GP2" ignored="0" name="Test" tests="9" failures="0" timestamp="17 Sep 2020 01:04:11 GMT" time="0.026" errors="0">
  <testcase name="testCaseB1" time="0.005" classname="test_cases.ClassBTest"/>
  <testcase name="testCaseB2" time="0.0" classname="test_cases.ClassBTest"/>
  <testcase name="testCaseB3" time="0.001" classname="test_cases.ClassBTest"/>
  <testcase name="testCaseA" time="0.0" classname="test_cases.ClassCTest"/>
  <testcase name="testCaseB" time="0.001" classname="test_cases.ClassCTest"/>
  <testcase name="testCaseC" time="0.0" classname="test_cases.ClassCTest"/>
  <testcase name="testCaseA1" time="0.0" classname="test_cases.ClassATest"/>
  <testcase name="testCaseA2" time="0.0" classname="test_cases.ClassATest"/>
  <testcase name="testCaseA3" time="0.0" classname="test_cases.ClassATest"/>
</testsuite> <!-- Test -->
