<?xml version="1.0" encoding="UTF-8"?>
<testng-results skipped="0" failed="0" ignored="0" total="3" passed="3">
  <reporter-output>
  </reporter-output>
  <suite name="test_cases.ClassATest" duration-ms="31" started-at="2020-09-17T01:05:50Z" finished-at="2020-09-17T01:05:50Z">
    <groups>
    </groups>
    <test name="Command line test" duration-ms="31" started-at="2020-09-17T01:05:50Z" finished-at="2020-09-17T01:05:50Z">
      <class name="test_cases.ClassATest">
        <test-method status="PASS" signature="testCaseA1()[pri:0, instance:test_cases.ClassATest@71be98f5]" name="testCaseA1" duration-ms="4" started-at="2020-09-17T01:05:50Z" finished-at="2020-09-17T01:05:50Z">
          <reporter-output>
          </reporter-output>
        </test-method> <!-- testCaseA1 -->
        <test-method status="PASS" signature="testCaseA2()[pri:0, instance:test_cases.ClassATest@71be98f5]" name="testCaseA2" duration-ms="0" started-at="2020-09-17T01:05:50Z" finished-at="2020-09-17T01:05:50Z">
          <reporter-output>
          </reporter-output>
        </test-method> <!-- testCaseA2 -->
        <test-method status="PASS" signature="testCaseA3()[pri:0, instance:test_cases.ClassATest@71be98f5]" name="testCaseA3" duration-ms="0" started-at="2020-09-17T01:05:50Z" finished-at="2020-09-17T01:05:50Z">
          <reporter-output>
          </reporter-output>
        </test-method> <!-- testCaseA3 -->
      </class> <!-- test_cases.ClassATest -->
    </test> <!-- Command line test -->
  </suite> <!-- test_cases.ClassATest -->
</testng-results>
